\BOOKMARK [1][-]{section.1}{\376\377\000I\000n\000t\000r\000o\000d\000u\000c\000t\000i\000o\000n}{}% 1
\BOOKMARK [2][-]{subsection.1.1}{\376\377\000C\000o\000n\000t\000e\000x\000t\000e\000\040\000d\000u\000\040\000p\000r\000o\000j\000e\000t}{section.1}% 2
\BOOKMARK [2][-]{subsection.1.2}{\376\377\000O\000b\000j\000e\000c\000t\000i\000f\000s}{section.1}% 3
\BOOKMARK [3][-]{subsubsection.1.2.1}{\376\377\000O\000b\000j\000e\000c\000t\000i\000f\000\040\000p\000r\000i\000n\000c\000i\000p\000a\000l}{subsection.1.2}% 4
\BOOKMARK [3][-]{subsubsection.1.2.2}{\376\377\000O\000b\000j\000e\000c\000t\000i\000f\000s\000\040\000s\000p\000\351\000c\000i\000f\000i\000q\000u\000e\000s}{subsection.1.2}% 5
\BOOKMARK [2][-]{subsection.1.3}{\376\377\000P\000o\000r\000t\000\351\000e\000\040\000d\000u\000\040\000p\000r\000o\000j\000e\000t}{section.1}% 6
\BOOKMARK [3][-]{subsubsection.1.3.1}{\376\377\000P\000\351\000r\000i\000m\000\350\000t\000r\000e\000\040\000f\000o\000n\000c\000t\000i\000o\000n\000n\000e\000l}{subsection.1.3}% 7
\BOOKMARK [3][-]{subsubsection.1.3.2}{\376\377\000L\000i\000m\000i\000t\000e\000s\000\040\000d\000u\000\040\000p\000r\000o\000j\000e\000t}{subsection.1.3}% 8
\BOOKMARK [1][-]{section.2}{\376\377\000A\000n\000a\000l\000y\000s\000e\000\040\000d\000e\000\040\000l\000'\000e\000x\000i\000s\000t\000a\000n\000t}{}% 9
\BOOKMARK [2][-]{subsection.2.1}{\376\377\000S\000o\000l\000u\000t\000i\000o\000n\000s\000\040\000c\000o\000n\000c\000u\000r\000r\000e\000n\000t\000e\000s}{section.2}% 10
\BOOKMARK [3][-]{subsubsection.2.1.1}{\376\377\000S\000o\000l\000u\000t\000i\000o\000n\000s\000\040\000c\000o\000m\000m\000e\000r\000c\000i\000a\000l\000e\000s}{subsection.2.1}% 11
\BOOKMARK [3][-]{subsubsection.2.1.2}{\376\377\000P\000r\000o\000j\000e\000t\000s\000\040\000d\000e\000\040\000r\000e\000c\000h\000e\000r\000c\000h\000e}{subsection.2.1}% 12
\BOOKMARK [2][-]{subsection.2.2}{\376\377\000T\000e\000c\000h\000n\000o\000l\000o\000g\000i\000e\000s\000\040\000d\000i\000s\000p\000o\000n\000i\000b\000l\000e\000s}{section.2}% 13
\BOOKMARK [3][-]{subsubsection.2.2.1}{\376\377\000D\000\351\000t\000e\000c\000t\000i\000o\000n\000\040\000e\000t\000\040\000s\000u\000i\000v\000i\000\040\000d\000'\000o\000b\000j\000e\000t\000s}{subsection.2.2}% 14
\BOOKMARK [3][-]{subsubsection.2.2.2}{\376\377\000A\000n\000a\000l\000y\000s\000e\000\040\000c\000o\000m\000p\000o\000r\000t\000e\000m\000e\000n\000t\000a\000l\000e}{subsection.2.2}% 15
\BOOKMARK [3][-]{subsubsection.2.2.3}{\376\377\000R\000e\000c\000o\000n\000n\000a\000i\000s\000s\000a\000n\000c\000e\000\040\000d\000e\000\040\000p\000l\000a\000q\000u\000e\000s}{subsection.2.2}% 16
\BOOKMARK [3][-]{subsubsection.2.2.4}{\376\377\000F\000r\000a\000m\000e\000w\000o\000r\000k\000s\000\040\000d\000e\000\040\000d\000\351\000v\000e\000l\000o\000p\000p\000e\000m\000e\000n\000t}{subsection.2.2}% 17
\BOOKMARK [1][-]{section.3}{\376\377\000S\000p\000\351\000c\000i\000f\000i\000c\000a\000t\000i\000o\000n\000s\000\040\000f\000o\000n\000c\000t\000i\000o\000n\000n\000e\000l\000l\000e\000s}{}% 18
\BOOKMARK [2][-]{subsection.3.1}{\376\377\000B\000e\000s\000o\000i\000n\000s\000\040\000u\000t\000i\000l\000i\000s\000a\000t\000e\000u\000r\000s}{section.3}% 19
\BOOKMARK [3][-]{subsubsection.3.1.1}{\376\377\000U\000t\000i\000l\000i\000s\000a\000t\000e\000u\000r\000\040\000a\000d\000m\000i\000n\000i\000s\000t\000r\000a\000t\000e\000u\000r}{subsection.3.1}% 20
\BOOKMARK [3][-]{subsubsection.3.1.2}{\376\377\000U\000t\000i\000l\000i\000s\000a\000t\000e\000u\000r\000\040\000s\000t\000a\000n\000d\000a\000r\000d}{subsection.3.1}% 21
\BOOKMARK [2][-]{subsection.3.2}{\376\377\000F\000o\000n\000c\000t\000i\000o\000n\000n\000a\000l\000i\000t\000\351\000s\000\040\000p\000r\000i\000n\000c\000i\000p\000a\000l\000e\000s}{section.3}% 22
\BOOKMARK [3][-]{subsubsection.3.2.1}{\376\377\000S\000u\000i\000v\000i\000\040\000e\000n\000\040\000t\000e\000m\000p\000s\000\040\000r\000\351\000e\000l}{subsection.3.2}% 23
\BOOKMARK [3][-]{subsubsection.3.2.2}{\376\377\000H\000i\000s\000t\000o\000r\000i\000q\000u\000e\000\040\000d\000e\000s\000\040\000d\000\351\000p\000l\000a\000c\000e\000m\000e\000n\000t\000s}{subsection.3.2}% 24
\BOOKMARK [3][-]{subsubsection.3.2.3}{\376\377\000A\000l\000e\000r\000t\000e\000s\000\040\000e\000t\000\040\000n\000o\000t\000i\000f\000i\000c\000a\000t\000i\000o\000n\000s}{subsection.3.2}% 25
\BOOKMARK [2][-]{subsection.3.3}{\376\377\000C\000a\000s\000\040\000d\000'\000u\000t\000i\000l\000i\000s\000a\000t\000i\000o\000n}{section.3}% 26
\BOOKMARK [1][-]{section.4}{\376\377\000S\000p\000\351\000c\000i\000f\000i\000c\000a\000t\000i\000o\000n\000s\000\040\000t\000e\000c\000h\000n\000i\000q\000u\000e\000s}{}% 27
\BOOKMARK [2][-]{subsection.4.1}{\376\377\000A\000r\000c\000h\000i\000t\000e\000c\000t\000u\000r\000e\000\040\000d\000u\000\040\000s\000y\000s\000t\000\350\000m\000e}{section.4}% 28
\BOOKMARK [3][-]{subsubsection.4.1.1}{\376\377\000A\000r\000c\000h\000i\000t\000e\000c\000t\000u\000r\000e\000\040\000g\000l\000o\000b\000a\000l\000e}{subsection.4.1}% 29
\BOOKMARK [2][-]{subsection.4.2}{\376\377\000T\000e\000c\000h\000n\000o\000l\000o\000g\000i\000e\000s\000\040\000u\000t\000i\000l\000i\000s\000\351\000e\000s}{section.4}% 30
\BOOKMARK [3][-]{subsubsection.4.2.1}{\376\377\000L\000a\000n\000g\000a\000g\000e\000\040\000d\000e\000\040\000p\000r\000o\000g\000r\000a\000m\000m\000a\000t\000i\000o\000n}{subsection.4.2}% 31
\BOOKMARK [3][-]{subsubsection.4.2.2}{\376\377\000F\000r\000a\000m\000e\000w\000o\000r\000k\000s\000\040\000e\000t\000\040\000b\000i\000b\000l\000i\000o\000t\000h\000\350\000q\000u\000e\000s}{subsection.4.2}% 32
\BOOKMARK [2][-]{subsection.4.3}{\376\377\000B\000a\000s\000e\000\040\000d\000e\000\040\000d\000o\000n\000n\000\351\000e\000s}{section.4}% 33
\BOOKMARK [1][-]{section.5}{\376\377\000C\000o\000n\000t\000r\000a\000i\000n\000t\000e\000s}{}% 34
\BOOKMARK [2][-]{subsection.5.1}{\376\377\000C\000o\000n\000t\000r\000a\000i\000n\000t\000e\000s\000\040\000t\000e\000c\000h\000n\000i\000q\000u\000e\000s}{section.5}% 35
\BOOKMARK [2][-]{subsection.5.2}{\376\377\000C\000o\000n\000t\000r\000a\000i\000n\000t\000e\000s\000\040\000t\000e\000m\000p\000o\000r\000e\000l\000l\000e\000s}{section.5}% 36
\BOOKMARK [2][-]{subsection.5.3}{\376\377\000C\000o\000n\000t\000r\000a\000i\000n\000t\000e\000s\000\040\000b\000u\000d\000g\000\351\000t\000a\000i\000r\000e\000s}{section.5}% 37
\BOOKMARK [1][-]{section.6}{\376\377\000I\000n\000t\000e\000r\000f\000a\000c\000e\000\040\000u\000t\000i\000l\000i\000s\000a\000t\000e\000u\000r}{}% 38
\BOOKMARK [2][-]{subsection.6.1}{\376\377\000M\000a\000q\000u\000e\000t\000t\000e\000s}{section.6}% 39
\BOOKMARK [2][-]{subsection.6.2}{\376\377\000E\000r\000g\000o\000n\000o\000m\000i\000e}{section.6}% 40
\BOOKMARK [1][-]{section.7}{\376\377\000T\000e\000s\000t\000s\000\040\000e\000t\000\040\000v\000a\000l\000i\000d\000a\000t\000i\000o\000n}{}% 41
\BOOKMARK [2][-]{subsection.7.1}{\376\377\000S\000t\000r\000a\000t\000\351\000g\000i\000e\000\040\000d\000e\000\040\000t\000e\000s\000t\000s}{section.7}% 42
\BOOKMARK [3][-]{subsubsection.7.1.1}{\376\377\000T\000e\000s\000t\000s\000\040\000u\000n\000i\000t\000a\000i\000r\000e\000s}{subsection.7.1}% 43
\BOOKMARK [3][-]{subsubsection.7.1.2}{\376\377\000T\000e\000s\000t\000s\000\040\000d\000'\000i\000n\000t\000\351\000g\000r\000a\000t\000i\000o\000n}{subsection.7.1}% 44
\BOOKMARK [3][-]{subsubsection.7.1.3}{\376\377\000T\000e\000s\000t\000s\000\040\000f\000o\000n\000c\000t\000i\000o\000n\000n\000e\000l\000s}{subsection.7.1}% 45
\BOOKMARK [2][-]{subsection.7.2}{\376\377\000C\000r\000i\000t\000\350\000r\000e\000s\000\040\000d\000'\000a\000c\000c\000e\000p\000t\000a\000t\000i\000o\000n}{section.7}% 46
\BOOKMARK [1][-]{section.8}{\376\377\000L\000i\000v\000r\000a\000b\000l\000e\000s}{}% 47
\BOOKMARK [2][-]{subsection.8.1}{\376\377\000D\000o\000c\000u\000m\000e\000n\000t\000a\000t\000i\000o\000n}{section.8}% 48
\BOOKMARK [2][-]{subsection.8.2}{\376\377\000C\000o\000d\000e\000\040\000s\000o\000u\000r\000c\000e}{section.8}% 49
\BOOKMARK [2][-]{subsection.8.3}{\376\377\000T\000e\000s\000t\000s}{section.8}% 50
\BOOKMARK [1][-]{section.9}{\376\377\000M\000a\000i\000n\000t\000e\000n\000a\000n\000c\000e\000\040\000e\000t\000\040\000\351\000v\000o\000l\000u\000t\000i\000o\000n}{}% 51
\BOOKMARK [2][-]{subsection.9.1}{\376\377\000M\000a\000i\000n\000t\000e\000n\000a\000n\000c\000e\000\040\000c\000o\000r\000r\000e\000c\000t\000i\000v\000e}{section.9}% 52
\BOOKMARK [2][-]{subsection.9.2}{\376\377\000\311\000v\000o\000l\000u\000t\000i\000o\000n\000s\000\040\000p\000r\000\351\000v\000u\000e\000s}{section.9}% 53
\BOOKMARK [1][-]{section.10}{\376\377\000C\000o\000n\000c\000l\000u\000s\000i\000o\000n}{}% 54
\BOOKMARK [1][-]{appendix.A}{\376\377\000G\000l\000o\000s\000s\000a\000i\000r\000e}{}% 55
\BOOKMARK [1][-]{appendix.B}{\376\377\000R\000\351\000f\000\351\000r\000e\000n\000c\000e\000s}{}% 56
